[owen@kaser dubuc]$ ./papibenchmark 
 Benchmarking tool for the Ola algorithm 
 Build: Jul  5 2004 11:00:47
 Benchmarks can take a long time to compute 
 Values are always given as pairs init time + total operation time 
Starting benchmarking from hellifax 
testing dependence of Ola time on range length (multi-level)
 size = 1073741825 b=128,beta=4
 external array is : 4 GB
 bin arrays are : 0.5 KB
N (aka M and M' in paper) is 2
 query time (sums) / buffer construction 
 == Fast Range Sums === virtual array of size 1073741825 N = 2 b = 128
 b = 128 N = 2
 data.size() = 1073741825
 It took 2723.6 s to build a buffer of size 8388609
 rangelen  time 
---------------------
464340205 320727
217734871 321649
370292358 321752
163472542 319807
1044272195 335477
52973080 293993
219135163 322945
120830983 315302
421515208 329649
452237469 327799
530450941 330322
154774460 321290
287067582 322922
635896963 330095
167392065 321696
65745707 314805
9318984 292474
98979384 315402
136275754 321390
64365264 316724
118834963 314167
122195916 315892
330190272 322478
373429249 321912
284400820 321354
543691623 329737
460545359 328275
200536557 314957
195292985 322066
324405631 322178
112070211 321647
79324506 321278
663092737 329913
276860115 321967
44838281 316924
906174617 337656
458563724 329080
572098454 329381
197655607 319544
623332027 328030
277477426 320177
914436918 337146
309276759 323747
661847923 334902
122533160 316605
248701277 316002
171171653 316871
736387228 331133
189031648 321144
217547752 321458
793010927 336949
19479877 295141
4609252 302049
206073751 322176
751287782 330268
115519647 317044
164695642 323704
380695658 322948
439075806 335660
485785651 324776
118686517 321294
81939276 316686
169878127 322368
439435949 329646
757832023 334932
163346889 323612
366777580 322700
704115717 330876
377256236 324368
159903468 294688
331363812 321988
329054929 321716
843301094 336264
766437595 341534
20442483 314260
525177721 330146
160773478 321808
45758897 315528
722040151 328462
311498084 323296
68436722 314690
612966 266866
4284183 290196
413232640 322452
944713001 339136
7508873 304380
208945348 322012
704738668 335220
269905328 323012
842990818 336068
240180347 323084
347706879 322744
172198116 293544
251244736 322256
195081203 322736
858446396 335176
710894016 336828
424985338 344820
920637078 337270
22976794 315728
241576472 322074
226410911 316426
782681435 336184
183833924 315270
657112997 330732
263313262 321928
247509630 321628
97041613 315308
477859393 338484
818926753 337568
162712654 321996
917608116 337120
387722930 328388
189617737 322164
280604327 324660
508838225 342280
243080198 321084
411493966 326096
760755070 336704
608945910 328744
799164699 336584
280090557 321424
430026266 327164
48244017 321024
348323305 322280
116922022 314844
300572236 321412
37145403 314480
4204103 268504
155381018 320132
439357672 326548
315428080 327252
635884523 330156
439284148 326736
323725930 329244
426539842 322664
753620944 336176
448371272 329504
10020744 294688
584290981 328120
274067448 321412
849338520 337216
99473089 315872
189193025 321884
585429976 328924
702072614 330140
8883165 291472
537376259 329260
482710421 329668
106076371 322068
122593185 320072
742744244 335756
46647956 314756
126066981 319704
459752845 329364
374929773 323504
85695177 315224
234718152 321296
111022241 321820
109046900 320564
768485220 335912
453261788 322640
94071577 315260
114834368 320128
12966948 315132
121333370 321956
99552733 314704
61967563 322760
738784565 331044
16277566 296440
679617244 329100
454788573 329720
509178675 323460
466041846 328708
39676076 315112
201177659 322308
123721164 320988
494021526 327980
570324977 328904
170846104 322128
243975193 321276
354889767 322968
329231401 322176
396432703 329520
352757913 322340
800435964 335400
54058062 315292
152960429 316324
870989437 336740
220464780 322340
97744603 316000
428656841 321488
2340061 288596
634483318 329816
674220579 334040
82215138 314092
23767070 294448
86717460 321784
384209866 321512
299738472 322468
351316313 323920
358311284 327200
391561622 326860
752378863 336136
413651419 321820
316351504 328860
110271643 293740
94441050 294440
1026801174 338496
464733457 328384
613229861 335472
16216513 313552
799467858 335432
894927121 336392
239214297 322248
383806038 327472
379773723 322504
409360267 322400
179856102 320168
467639917 322072
453830439 322136
549702134 329480
402055742 323808
235627213 321232
299325725 319840
178283533 321064
173567440 321744
170374900 315888
232567968 316360
32583415 293080
228265835 295168
105455686 316256
697024449 328368
477490165 327712
470928568 323464
430656592 327392
299600651 322448
194575976 322368
550760084 330000
76910963 320784
56822035 321600
536181674 327824
263439591 322496
395510943 321192
17995649 316576
584380597 330680
714150150 329752
255432080 322384
35891043 314536
213986977 321816
330969335 327488
286054707 321032
551260470 329816
403454113 329008
162907952 317536
878364538 336432
645826104 328936
124303559 315368
26380865 315648
113621046 321800
439606914 323248
165893673 322728
124057364 316088
291668939 320536
251281175 316392
798652707 336248
76557658 315552
613619190 329240
31967316 309760
656096857 335840
803867196 337432
300961184 322400
272217869 321848
315403838 327160
447865010 322088
342975248 322856
1032007157 337152
790940492 335768
807121842 334880
242271103 321144
6384362 313168
506830125 329488
479779985 327872
362981677 328320
50120544 293992
706622568 335040
753834750 337032
55956301 295024
110499551 321120
183018146 315984
688472420 328656
507119168 330880
337038680 323088
344681378 321608
350152438 327592
618997471 328656
135228290 315840
439478820 325200
54703295 308872
856298994 337360
369612323 321120
648922813 335360
423021662 322232
531322129 328584
628310248 331464
18143948 317360
519358654 327928
183963231 319768
360448773 322424
386314171 323152
631054884 330640
6603815 313016
16344412 313816
421731480 323784
564369677 330192
175871546 321088
149994576 316016
145052106 322840
104188554 320592
267193527 322104
26868472 320296
306579288 334104
335717027 323784
275145690 322688
54554697 293408
333025185 327088
480712147 328856
269041535 322448
314445450 322760
568104268 330448
256205502 318048
169343 265080
802817277 335912
133172991 294296
832354565 335928
382884137 327216
649416097 331360
224234451 315872
106264119 297304
382466729 327744
87098178 315392
445532216 324640
31828541 315760
183071294 315568
514282336 329200
151347295 322040
55266963 320624
102946087 316592
296060715 323216
492927506 329096
636485597 336920
213582278 315360
494321770 322672
525858940 328472
510032314 331320
737393598 331680
501642122 323336
870225304 335824
115370703 321792
879744655 336472
1554841 278248
326399048 321040
108528076 314680
693838192 330288
665464215 331568
459262244 329296
90867316 320104
440367856 322536
256332139 322664
282229721 323848
35877182 293536
289753119 322752
835998949 337304
2751858 278576
193884371 315848
90975208 313912
239398904 321696
246041651 321696
408972849 328520
273717961 321632
425034598 329184
589042473 335720
95081653 315624
737621736 330760
817552181 337016
146126887 321056
564231304 327856
756534985 336432
436845954 328856
81345933 316488
117705954 321560
250681970 320360
225794564 322112
252563779 322400
452436861 323288
73313081 321128
319607437 321968
766976806 329672
409337817 321104
253438605 321592
426036946 322896
67164290 316048
255939260 321952
133573287 316576
564497533 328384
249773715 322328
61856630 295640
560510535 328640
5548575 302352
19240351 316240
329100938 322048
588354129 335632
612085163 334872
405195591 322864
207977747 316592
100829328 295216
1058199687 338832
993876986 336144
790034237 352912
140559489 316080
265665480 323744
456666781 328288
108305968 316288
163584176 321168
251382245 321744
355228041 322352
944990028 336416
483765141 329536
54503409 314768
642727305 336032
599888724 330688
64584860 315328
508232940 327824
375033742 323040
357887826 322512
450062057 328864
406379006 321504
951075416 338496
49959785 313872
195315643 315584
223742295 321120
291836180 320176
317417597 322416
942902552 336864
482921599 329520
416388526 324416
19955817 317088
624499359 328832
207353968 321280
360939351 320736
441384506 330048
774087164 335392
82517981 313648
72094724 320688
381403302 322864
68944694 321504
255787774 323392
194833084 320272
75249017 314896
324544010 321520
497859983 329568
567239113 328592
18994377 316512
29538677 313504
43787922 319040
75814485 294496
301355323 321376
259194114 322864
275951609 321056
86359576 314672
475042620 323568
263112701 321584
67587217 295088
404541252 327984
4285807 289824
565832417 329664
396275972 323600
53780236 314208
177326351 294752
641618691 337088
366236470 323120
706286701 331536
19160497 314912
187312690 295328
850713998 338176
151339417 316448
54351154 314800
90896636 321552
180052903 318240
5574262 301216
150781325 317136
686484500 335648
619587859 328480
111414181 320816
608462706 331600
55713342 295040
173895861 321744
505192682 327840
531429476 327744
63734752 315648
280283336 322704
513325383 330512
103300885 316304
321398428 322576
25918083 315600
261090728 321312
197659504 316336
723756703 341280
506537669 322944
145100741 314320
68805206 321040
57784100 316384
333781068 327024
637984399 329360
181740329 320992
99870368 314704
156948503 320784
433177498 322688
56064790 315248
130399638 316192
3341734 290544
146552700 311248
808418055 336880
852814707 336592
664831726 335392
260621838 321088
618326567 327728
353325452 329248
192359106 322768
743576355 334704
454454647 329200
109161782 315984
429991707 322544
408691055 336000
223173379 316080
516203205 327840
113198949 321136
18830409 292704
573082925 330544
76642332 320528
605785388 330144
313542482 322512
502385444 330208
109093012 315264
42649003 294032
299407564 322048
404188240 328480
34764976 320528
352093498 327440
246494618 321376
652217496 336000
278643302 323232
58606501 315760
160495828 321632
20055364 315472
277879575 322288
267833002 322576
500552981 329200
551639084 329008
6502959 302128
47798513 295872
17649914 315968
496156303 328352
116827849 296064
321511188 323680
431204071 322976
52278464 315632
439005405 321344
107252124 313424
742574392 331136
683354727 330192
615319291 330288
126727237 321136
426077477 328736
433590416 328608
198912586 323200
113663998 315360
331560194 322336
268977389 322480
547186713 330272
148590121 316176
47479343 316560
57209728 294432
311753550 322544
82714532 321328
177349885 321840
445280934 327792
478086097 328320
834799623 335280
359812627 322512
367565899 324288
493301708 328208
775287711 337216
98737589 315456
34147577 312912
82010523 294400
523168564 328432
383606283 323152
426057242 329664
516001232 328864
675945950 333440
129758922 321712
412278467 327760
366038755 321808
673406030 329920
367984479 322672
521242741 328496
448460000 327904
123562694 317184
224568246 317744
119380067 315744
340447968 323168
965715283 361856
203994493 320496
728069567 335104
412368416 339664
68383969 296176
4638559 291968
193800164 317088
556511063 327360
367626325 324128
239305527 321328
313843813 329200
634824097 329072
317389762 322080
32570848 314080
267698129 324016
601798193 328160
41810454 322256
477702288 329616
363931386 328224
251738187 322672
596948357 328704
88420858 314000
465242001 321680
609683825 327904
833458507 336832
282488435 322832
433906946 327760
263841614 316592
762591513 336912
81492511 315616
11464658 314912
116219404 316912
7352580 303296
800225817 337200
414486262 328192
788894162 336304
301388002 323248
585610289 328544
625236708 328640
209496145 296704
103200185 319008
281782293 322416
794398454 336000
653624315 329072
842036368 338384
75259125 314384
111158901 293808
860917506 334768
634881971 331456
238067325 321952
62147303 321840
402857804 320272
243207142 321808
56423484 314112
36278556 322000
413519774 322384
993661453 337552
469713065 327808
906557677 362848
746125023 334992
317698772 320656
766050402 347584
293317956 323904
547369154 329504
66885755 321264
74853810 294160
717659660 331280
492568363 323472
392437881 322192
393991331 326320
677822641 336288
711947017 334832
714830511 330032
1030156895 336928
647596624 334704
256248475 315712
623559410 330048
320411243 322288
10713816 314608
302406359 324064
103340400 314912
185204997 322128
250159064 324224
15029953 322240
153023382 321488
2428444 279040
359432934 322864
208960446 321904
117132413 314384
163670411 294592
449994717 324080
656282608 334032
417223863 322544
16700232 315104
770732422 337776
462681985 327920
513258676 328928
813988264 335232
251918517 322464
694244492 336368
450056839 330032
119857361 321744
337306573 328160
446021482 328064
581363184 330224
544554877 329824
517113829 322688
304933160 324256
30047685 295408
806635912 335904
35927267 316128
472630723 323168
769808770 336640
333310806 322896
31846446 314032
112948356 315264
16135202 293936
564907526 330048
561623525 328272
541345531 329280
582935977 356864
873128475 352560
130305005 321392
868515543 337520
827179904 335520
112609029 293056
282074296 321120
385775762 322656
275624911 321792
577710331 329472
358152881 322720
110739035 316336
231956258 316640
53116711 313344
573054536 329504
398912149 322816
485019474 326208
148070838 320672
31330185 321232
194361780 320416
291417489 321904
425866391 322832
181531264 316416
522108802 328944
394745886 322704
764627533 330624
490839282 329520
337695077 322672
34315163 319536
680613552 337072
97417034 320976
689618390 337504
605309376 327216
136590848 321504
117244521 321088
421407824 328768
709000084 335664
91588033 292000
44549195 316528
273945695 321712
639774142 329904
597853739 334384
455021925 321824
294074685 323008
252618777 320880
186662940 320576
93269712 322160
646507062 328688
640228731 330784
74937399 313872
348414849 322048
92393435 315568
581855169 331520
177374756 321488
460850393 322256
8042379 293744
657589970 328704
235795349 322528
467703106 328480
459576830 329584
40774251 315120
198218198 321104
470374387 329440
377995700 323712
157644947 314848
146414231 320592
124463504 321504
169815333 321472
53215394 316064
258981215 322224
798510543 334080
228711250 319200
718784545 335872
102050505 320848
51195239 315168
604501381 336768
443301610 327456
123622976 295616
354430716 327888
142781567 322496
366436004 324528
686186155 329856
57653459 316640
123476358 315952
944292072 338352
776975680 330240
633396410 329392
4860955 269968
555348529 329360
544221256 328720
813405050 336368
493732304 329056
210742123 317600
155892057 321440
710759269 335648
733267464 336944
295040960 325152
146576244 315712
127971456 296016
126518646 321792
421231651 322912
111639680 293440
124979638 317344
490603889 323072
203968275 319968
110739632 294816
6662757 313216
126596333 319872
148085390 314816
60390773 314880
581162016 330272
166744681 315392
65628205 315744
39848650 295456
490368301 330144
622720954 329984
484089735 322240
699435194 328832
669439277 331008
215655714 322656
262448672 322176
256702776 320128
142874542 322528
459865281 329792
921359877 337568
516278792 329568
240172466 321888
536005114 328800
77397430 317408
574341492 328992
331520763 321600
405623859 323008
634401894 328224
350938047 324384
240148531 321152
165296893 321216
180752717 314848
315358708 322784
552106111 329408
318416413 327328
408979198 321696
739922025 335648
880885851 337504
936747886 338336
371936854 324448
235722690 323648
513073651 329312
775194409 330208
872523430 336480
987450964 336608
454757434 330848
129777696 321312
400154404 324896
114604413 305888
300629832 329280
551675871 328288
5949621 292384
195326062 314368
421772980 323552
604682826 327840
105027553 294912
9420037 312992
403237479 329536
286717856 322048
837005074 336256
27919026 314656
51160759 293376
253262512 316384
470908698 328416
876699889 335712
342470099 326208
534411660 328736
501251820 328864
547225316 328896
11684103 295040
29642713 315328
175878800 321120
782407382 336352
309350056 321056
109830326 321760
778479293 337984
909902659 337440
75785423 314656
2570351 295520
555759778 328160
565402140 329504
155021648 314720
172907774 314496
317932129 321504
425709013 329888
662675579 323488
627413938 330976
598167424 330144
729812995 330656
423058855 320928
816472386 336640
535670457 329952
855114856 336000
235531540 321984
218733515 320768
16444331 293920
144716291 315520
372740599 323776
898977630 336128
35984672 316320
274807762 320224
17916892 293696
391503460 322624
197612732 321824
904901682 336352
115449623 322208
748467911 336128
226523638 316000
37263288 293888
313784324 322848
141826939 320224
165198397 327392
125874015 295360
320513417 323168
592747465 328832
172630408 322848
162522174 295712
403195947 323648
267110212 320480
109328248 321088
658653452 335616
211681889 315552
657241454 329824
619655402 329664
173481123 315232
560707310 336256
157037895 317664
34543535 296128
142430082 321632
490191705 329248
434156130 327904
20624576 295744
220372413 321824
706044807 330368
444338088 327680
923432980 358144
470903891 328640
949240922 335968
273545565 322272
192899521 321888
354852399 323808
595060954 329632
75373918 315712
278939622 320544
205460468 322016
271508115 320960
715530210 327872
162553077 317024
357788612 321024
724098403 328000
66466465 315232
587811337 329888
162656157 315232
218099864 321728
115276893 316672
557916097 329280
90864389 293760
322276025 326976
476079549 328672
99182144 314688
296605150 321568
368997517 326720
662822951 335104
281085856 322784
11941139 315840
497092363 323680
243677969 322208
326029822 323296
599269517 324352
295444718 321120
955129069 338016
598770922 327104
848415304 336704
138489941 320576
324720751 327904
101716674 323200
608362345 328640
202400842 322528
71477042 308512
571264017 330080
709414293 328128
161825786 321760
5776428 306656
59402198 317632
365408104 322240
234297674 322880
26428859 294432
511769227 328864
640968145 329536
120580375 295200
135607201 320992
768663318 336000
380730585 322848
403543211 327136
644947490 330112
538116017 329152
104320042 321408
327385543 322016
533247559 328704
692036703 329088
504025864 329888
308934699 324576
511880698 328448
225841624 320192
120241387 315808
395354411 323328
568719049 328736
216906557 317472
656538379 329952
809522664 334880
87702060 314176
508364003 329184
650187085 330880
115161597 315424
87004884 293632
781716137 336384
413950975 322880
5114072 301760
236128890 324320
68803136 315136
567149551 329824
139961084 320448
656914648 335168
823626584 337152
964050641 338688
227367775 317056
259792935 322944
892966565 337280
157031588 316640
46822278 312640
741584638 337824
835067221 361568
228294401 323104
475543817 328512
23061126 316064
580310793 329536
217795679 321536
606215202 330560
517295180 329440
198655230 321152
231515303 322336
210210753 320192
88012956 321184
135484172 321312
36178169 315520
313055105 327456
62896961 293792
40701692 316000
169408177 320064
318127173 323904
94552747 321792
351619124 328320
371208495 322880
75788566 317088
333318881 327744
520051144 328928
700466801 329952
537185273 328064
280404897 321504
719461124 336288
854347175 336192
684918422 336608
332025520 322304
573482973 329248
290777989 322528
379838827 327584
517539421 328480
262087803 322656
458191375 323520
781324214 329376
461421659 322560
282602615 321248
536267902 346208
46216927 320192
656283758 328768
1013021764 360384
5908392 304000
84228195 294144
397516771 328224
234374217 323808
160674855 321056
116330 245056
271929168 321440
503195493 329344
599847845 328032
95969364 322240
505762255 328928
696270498 336032
67949407 316160
286368651 322400
69243227 312640
547572076 330720
553751933 329632
274599076 321376
194367287 322240
532059597 331328
573988185 329088
390556998 324832
279827085 327424
659655148 329216
458118056 328832
458446946 321344
504750564 328896
140367160 322464
980310976 354720
287432007 320736
421357424 329056
39147213 310752
350257874 323264
288629672 321632
798065103 335008
495424233 330784
298368633 322528
70486991 316032
788885256 334560
258174958 323104
412024827 329120
440628713 322496
37551563 314464
544214930 328928
66010143 316448
80066911 315104
502234958 327424
354973058 321248
276371561 322080
392648075 323680
309773312 321792
820005004 335168
207643393 321184
566791039 329888
526849516 333088
161732763 319808
449047816 326912
207550428 321184
213850004 321088
467375541 328160
94569613 321536
767227713 336064
588362149 330272
514099395 329920
114802332 321344
343040168 324288
269770513 322336
435980322 323456
293715007 320096
103827958 314880
117965111 315264
725782627 335968
220991143 321824
95232644 294496
854896701 337376
272719005 323008
154156477 320032
541800968 331008
14663838 315584
225197557 315072
888906009 337408
519700013 328960
91272888 319488
141721592 314912
859211417 336320
30692391 322624
187644746 316000
603294196 330432
139580609 295392
657964796 329408
326383942 320992
203540025 321120
896888693 337120
46334746 315616
320419482 322144
32723124 315744
747100536 335136
319022662 322528
437598998 329632
437810518 323360
68248481 321664
126503293 317664
28466537 314912
664529116 334400
101575916 294400
88782633 293824
149622346 316032
165241548 321408
223503551 315712
585077054 330592
297769612 322976
679506700 329696
69208 265920
264240078 321408
890558858 335264
660598382 329184
35426899 313664
566417151 328480
763431054 336512
841801242 336352
969065538 336512
219225002 320832
867776001 335968
580774109 329760
1008818477 352608
100349416 317760
517084950 323648
333821283 329312
134100506 315712
79624366 317088
441272433 329280
300513909 322496
294333863 329664
731789729 330240
167791276 295552
813379491 337312
210711703 320928
191183642 322304
533570791 328800
227594923 323392
306087020 327680
105954483 322592
251212943 321568
345589737 323456
776293823 330048
166194898 319648
226802441 322144
70824143 315648
200805565 315136
401565767 323776
522787754 328992
30100701 294496
67773613 318432
969140350 336640
140701133 321920
3749979 281600
450937788 323680
235790223 320640
125662295 294080
82612408 321056
226396495 323008
88088908 315552
523450528 328640
385667513 322208
502052533 329824
289630672 322912
375419557 322528
740930554 334432
158648431 294496
29204251 316192
351203245 326304
327604107 321856
69250273 320256
71875948 315552
489566077 329056
594219504 330240
72846031 321728
190029353 315328
347217546 323840
773249458 335264
784553503 337056
245206966 319808
308869677 322880
34059225 314752
267513790 321888
306874150 321952
28099258 315072
187911339 321920
347449686 320960
15261008 317088
824690998 337344
26443520 314624
11347269 314592
128707638 317600
739282700 336992
134093069 288416
182646425 320256
619337076 334688
689132135 329280
593741361 327616
415490552 323552
568434026 328416
347611046 323264
671303030 335488
57609172 319936
236887422 321152
161258693 315712
513338513 328480
699712090 330336
531170778 327776
517326219 330208
5700193 281056
519591876 328352
460903047 328864
193291359 320864
556600530 354368
267769794 321472
407952823 321888
768178863 331008
80002611 320576
412185776 323968
171730479 321216
546407889 329664
78321119 323232
347502915 328384
132807543 316096
44371681 321248
125767104 316672
475129148 329536
610202380 329312
506169092 328256
446221314 328416
992514237 338528
755501275 336032
214053662 316256
749962687 337632
358608630 323488
196575305 323296
580085132 328224
3652848 289824
571103845 329888
718675356 336160
274968126 322592
140255330 320384
716371041 330176
205160295 321184
510733689 329184
686544219 330368
21493331 314816
42715548 315040
29939493 295424
254942056 321824
518543346 328192
159943832 316896
569771547 330784
84611994 315424
300057069 322240
391132734 330752
404763997 322240
374864171 339584
352917370 323488
460405352 328992
734778378 335168
219415334 316160
594442536 327616
563711376 329440
628625570 328352
180569645 322592
877312856 336544
11885306 295520
142970865 313280
240407742 322688
536175763 328416
55688698 293760
191323945 317568
443018810 326272
174541885 322976
334150549 322912
677285294 329248
591850145 329504
815696766 336288
481660283 328576
173268696 321344
444007602 323264
280464825 321408
284381037 320320
552390207 328000
207278202 316224
82587429 321568
146235908 320640
56208573 313984
420763996 323936
418937054 327648
46088251 315808
466952437 328928
105323282 316512
446160235 328576
494253937 328096
677427640 334592
477473167 329280
668095253 328320
766155497 331296
331696649 322752
100880903 314784
162658773 307040
768194263 335680
634609723 331680
848958313 336320
260816821 323072
2285475 279616
724457155 334656
137065190 317024
805013580 335520
732609814 329536
392176362 323232
243435302 322720
329433286 323168
391623937 327936
164459154 314976
416547441 330624
626591990 341280
104649821 315552
374664738 327808
167264840 316576
565613230 329920
613921340 337920
796582755 337728
636600980 329344
919278848 334848
136016766 295552
232349990 322976
38205506 316128
315301042 322688
559519913 328352
922334283 335648
149041508 315424
494619291 329344
108282404 321152
490617163 330784
6106636 303872
228532749 321248
176355355 321856
23142301 314752
514122646 328864
364236791 328128
106392708 295424
44150344 293408
429896475 322944
361642240 324480
421992585 323872
58647031 315936
567764835 329312
824725422 333248
673220875 330240
518464866 329632
351619689 321952
225613664 320128
178947611 321056
67729418 314272
117435288 321152
269467846 323456
428394172 329792
292015198 322336
577273625 329824
990918688 360448
279861741 321664
415753052 329248
529090217 328672
326356300 329920
572896919 330848
265845045 322016
134635642 322272
306697813 322624
865217242 337600
336359598 327328
77919859 315104
523953958 330272
158425750 321984
348972012 323520
301565802 323264
499612910 328960
617770572 330624
293524447 322176
8360785 316480
872053593 346272
427772180 323296
287928459 320864
104388194 321088
555645973 329408
104688323 321472
643645565 329440
152394622 315936
377242777 322816
325796457 345024
108027504 321152
84268111 316960
135047976 315008
233209541 319904
606621425 329984
25288655 315424
322965808 322080
744152844 329440
108850478 321088
559588923 327808
329840786 328256
189959001 320992
428132138 322208
6397776 304512
800485833 336032
675325427 329024
126980884 319936
516927931 329984
226091078 323040
436639516 329568
42148064 315808
115098177 321888
259907440 321024
673590604 336160
425273845 328960
40487457 316096
459403523 328512
195688533 323008
268010838 321472
19617974 322464
117312373 321152
170473643 315008
341559166 322336
1601418 245920
443569147 322656
187119897 322080
227352868 323648
36307211 315776
286512524 320928
217723599 320736
204406310 315584
234194381 316800
488657514 328960
695081219 333920
441772604 322720
322318627 323456
816312953 336128
524325357 329184
146337980 317248
92896457 316768
90888677 320448
82413615 320960
352038077 321024
805501854 336640
663791409 330496
573952546 330944
329567199 321184
204424734 314464
164288013 328224
157983158 321952
572514454 328736
237172256 321984
100647771 327840
283902458 322496
213682563 321792
635597336 329504
656815271 330112
450929038 329440
507077316 328800
500079703 324160
131390756 320352
517229827 328864
265304476 321664
39086126 320288
526323138 330144
695240771 335808
396370757 330112
340181347 323936
620168815 328928
451328319 326592
753221798 342176
1009061031 348544
737452739 338080
161295004 321056
31675431 314688
267915130 321888
412076695 322624
35110254 314784
102772571 314880
295344191 323072
271265664 320864
419550351 323520
224485662 321632
622123622 330816
23090115 314944
155792704 322144
184558903 314464
247203614 322240
165774747 327552
19058047 294464
498275728 327648
360516366 321536
37658482 320032
559750056 328704
251209731 322592
304215064 322432
771937382 336288
105049161 293824
270607407 323232
130606953 295648
346858928 321568
96092849 316128
245659249 321984
694054178 328576
644536751 331296
117565676 315136
388022952 329056
309650427 321312
270253673 322880
209933417 322016
422988921 322720
39099875 315136
164172071 315712
177341644 317600
280619758 322624
353952629 322816
282762846 323744
85154691 317088
85436685 320384
42780905 315680
210153792 315328
705361092 337824
520875014 330624
125200610 321568
263071650 321184
263569196 323392
474860537 328288
337112111 322080
290418608 322848
656618022 335552
251339472 321824
617679836 328704
44805615 313728
68526971 315680
93935041 296800
428857768 327360
100530836 314208
359346329 325984
1746728 256992
137731039 322528
399814133 321600
126356330 316064
350307480 322752
111621311 320576
725209536 328160
423216888 322816
226079721 320960
505293438 328256
669989426 330944
51031807 315456
474175352 329472
647705716 330560
540366611 329216
279753131 322944
655884666 330944
792953411 335488
267860250 321792
618604137 330176
196388964 320512
185151993 316160
185228738 316416
71051189 322240
205219794 323200
481159260 322944
65679169 316096
508349963 324224
49762124 320064
160242787 292992
72665971 316608
58500247 321856
582018009 337408
234452597 315520
327308420 321536
394304165 323776
564201469 329408
659740029 329600
341391263 322240
32335727 293888
1022931088 364544
334704075 322112
194790841 320960
417397398 328640
370043539 321792
239060126 322304
56105724 314112
140509185 321152
915013044 337664
771693106 335616
126741681 316416
299499093 322880
202067217 317056
3825945 289984
599555689 329088
679629950 339520
412661860 322048
306885492 322304
290095587 322496
26681946 319296
228181249 323264
1044635015 355200
392938059 329600
375754016 320640
17458963 320896
402788915 328256
451094238 322176
835143793 336704
485956520 323904
294431460 323264
278585650 321856
662136811 330048
159088215 318016
721794596 355200
704710255 335552
35581102 315264
537643463 330496
304453483 328448
46714462 315584
91048974 316672
319829029 324352
208374067 322880
122384072 320832
380292229 328896
272647943 322304
375342832 328384
185541184 315264
417157382 327296
318989138 321472
279928624 321280
813686695 336000
647255252 333440
179659611 320064
654538290 330304
337405731 322048
290547498 324352
165683328 316736
148841910 315904
468697601 322432
75505047 313536
458746916 326720
355183935 321920
659156128 330176
71423667 313792
236190357 321408
683532403 336000
620889344 329600
220202255 316352
767217209 333888
214855662 323072
527155843 329600
48457817 321536
499128424 329216
73405115 320768
347307958 323904
165618834 315456
473983784 324672
5518780 301312
111835409 314816
399565076 321536
142600071 315136
844271253 336128
320244477 326336
154222816 323072
208269599 322304
44600975 315904
15058990 313344
23156131 316160
290358521 322624
559241567 330112
828270419 336512
210737516 315584
538446524 333568
785831363 335360
271123623 321600
995156476 358144
670233612 330496
606812825 328960
317324238 322112
69543874 293504
560518970 329280
187277452 322944
68115893 315904
982233300 335296
306994828 322304
772216848 336768
301868667 321472
749787967 337792
356260597 322688
663188972 335232
651432144 329024
43386576 315776
23911584 316608
64462267 313472
29047586 313920
254735334 323648
158949042 321024
33307519 314816
142975700 321856
267641266 324352
298175690 320960
71305063 315264
7686911 304192
232884880 322304
288692190 324608
640031165 328320
564106346 329472
343938485 327744
259875318 321216
240134407 320768
542406895 328192
242548481 321472
562327624 329792
281552740 320128
400672044 322112
30618603 295808
1029123401 337408
106189332 314368
861779489 336576
777473474 335232
50972427 314560
137914572 321408
46561271 315456
20413143 294528
459317159 322752
502236952 328384
755417292 334272
289296152 322624
16167527 313920
663355015 330432
46301074 315392
554405901 328704
673422870 329344
143224834 315904
498829709 339264
39193992 315264
190719295 323008
36668217 316672
28915349 314752
716269752 328192
317628909 322048
726429752 329536
45655672 315776
243307466 321792
133715293 321152
686390399 328960
465657067 329024
270935865 321152
458470781 323712
526798646 330176
261117181 321856
640381025 327936
763245736 334528
595994502 330624
527110375 329664
90990371 295104
334308051 321984
229698166 321920
1168844 266752
259164234 321024
153470044 317248
758841320 336768
479461183 327616
377525135 323264
73744757 315520
252251197 315008
755555217 335552
434532923 325056
651138619 330048
105647689 314368
41186329 313280
124495374 321344
634940504 328448
491967726 327296
340584240 324416
302748340 320960
660029657 356608
181867261 321728
475753290 322112
316378335 321984
26239829 293760
362125621 323200
686221894 330368
100632690 315456
438544860 329408
705615970 328128
402918439 327808
186609468 316352
110563058 321024
600226466 334208
911380684 350592
128540245 323392
309630291 322944
395504834 322496
142330858 317120
358120779 328640
489503034 328384
512997124 328192
273078439 319104
613404277 330560
206084054 322048
117612663 314880
1647940 279744
912790324 335168
90942501 294848
510383531 330432
15085732 294400
244364876 320640
585596758 329216
128421558 316736
230266458 317440
896498304 337216
482537495 328896
62517716 315840
325623789 321664
393497408 328768
152541410 317120
316374118 323200
815332202 335488
38682472 315648
164761762 296448
602655765 329024
114247951 295744
629521237 337792
509430848 328320
354030502 323072
14557341 313280
593281096 328640
561201241 331072
149854262 317632
257978981 317248
67377061 322112
19280086 313152
45455899 321152
726322678 336448
627041834 333504
440537452 323264
32981355 314880
514246664 327936
373555210 321600
89860445 293440
384108833 327744
169369132 322240
710179458 334912
514294909 329280
530088248 329344
16973527 293568
150878357 315648
725273573 329856
313943322 326976
280472626 320640
195197041 321536
23199104 294272
486354326 328640
573454921 328000
487381455 328064
614786595 336448
379176691 320832
874117307 336704
285152910 322688
182413862 322752
103506471 296064
231341178 322048
129186722 323840
243706141 320576
260727352 321024
51999929 318144
709627885 336192
455601746 329344
461097025 325184
235039503 321600
601447653 329472
129557051 314048
248577269 316928
649621576 334080
30640829 314176
288794839 320832
76266052 315136
86775415 316672
403008942 321664
131835927 294400
681109492 330368
45918860 314624
814706936 364032
150758779 320576
 [frs] Computations took 17.15
 For 2000 range sums 
 average was -0.037178
query time (first moments) 
 == Fast First Moments === virtual array of size 1073741825 N = 2 b = 128
 It took 2733.31 s to build a buffer of size 8388609
 rangelen  time 
---------------------
464340205 327680
217734871 327680
370292358 327680
163472542 327680
1044272195 327680
52973080 294912
219135163 327680
120830983 327680
421515208 327680
452237469 327680
530450941 327680
154774460 327680
287067582 327680
635896963 327680
167392065 327680
65745707 327680
9318984 294912
98979384 327680
136275754 327680
64365264 327680
118834963 327680
122195916 327680
330190272 327680
373429249 327680
284400820 327680
543691623 327680
460545359 327680
200536557 327680
195292985 327680
324405631 327680
112070211 327680
79324506 327680
663092737 327680
276860115 327680
44838281 327680
906174617 327680
458563724 327680
572098454 327680
197655607 327680
623332027 327680
277477426 327680
914436918 327680
309276759 327680
661847923 327680
122533160 327680
248701277 327680
171171653 327680
736387228 327680
189031648 327680
217547752 327680
793010927 327680
19479877 294912
4609252 294912
206073751 327680
751287782 327680
115519647 327680
164695642 327680
380695658 327680
439075806 327680
485785651 327680
118686517 327680
81939276 327680
169878127 327680
439435949 327680
757832023 327680
163346889 327680
366777580 327680
704115717 327680
377256236 327680
159903468 294912
331363812 327680
329054929 327680
843301094 327680
766437595 327680
20442483 327680
525177721 327680
160773478 327680
45758897 327680
722040151 327680
311498084 327680
68436722 327680
612966 262144
4284183 294912
413232640 327680
944713001 327680
7508873 294912
208945348 327680
704738668 327680
269905328 327680
842990818 327680
240180347 327680
347706879 327680
172198116 294912
251244736 327680
195081203 327680
858446396 327680
710894016 327680
424985338 360448
920637078 327680
22976794 327680
241576472 327680
226410911 327680
782681435 327680
183833924 327680
657112997 327680
263313262 327680
247509630 327680
97041613 327680
477859393 327680
818926753 327680
162712654 327680
917608116 327680
387722930 327680
189617737 327680
280604327 327680
508838225 327680
243080198 327680
411493966 327680
760755070 327680
608945910 327680
799164699 327680
280090557 327680
430026266 327680
48244017 327680
348323305 327680
116922022 327680
300572236 327680
37145403 327680
4204103 262144
155381018 327680
439357672 327680
315428080 327680
635884523 327680
439284148 327680
323725930 327680
426539842 327680
753620944 327680
448371272 327680
10020744 294912
584290981 327680
274067448 327680
849338520 327680
99473089 327680
189193025 327680
585429976 327680
702072614 327680
8883165 294912
537376259 327680
482710421 327680
106076371 327680
122593185 327680
742744244 327680
46647956 327680
126066981 327680
459752845 327680
374929773 327680
85695177 327680
234718152 327680
111022241 327680
109046900 327680
768485220 327680
453261788 327680
94071577 327680
114834368 327680
12966948 327680
121333370 327680
99552733 327680
61967563 327680
738784565 327680
16277566 294912
679617244 327680
454788573 327680
509178675 327680
466041846 327680
39676076 327680
201177659 327680
123721164 327680
494021526 327680
570324977 327680
170846104 327680
243975193 327680
354889767 327680
329231401 327680
396432703 327680
352757913 327680
800435964 327680
54058062 327680
152960429 327680
870989437 327680
220464780 327680
97744603 327680
428656841 327680
2340061 294912
634483318 327680
674220579 327680
82215138 327680
23767070 294912
86717460 327680
384209866 327680
299738472 327680
351316313 327680
358311284 327680
391561622 327680
752378863 327680
413651419 327680
316351504 327680
110271643 294912
94441050 294912
1026801174 327680
464733457 327680
613229861 327680
16216513 327680
799467858 327680
894927121 327680
239214297 327680
383806038 327680
379773723 327680
409360267 327680
179856102 327680
467639917 327680
453830439 327680
549702134 327680
402055742 327680
235627213 327680
299325725 327680
178283533 327680
173567440 327680
170374900 327680
232567968 327680
32583415 294912
228265835 294912
105455686 327680
697024449 327680
477490165 327680
470928568 327680
430656592 327680
299600651 327680
194575976 327680
550760084 327680
76910963 327680
56822035 327680
536181674 327680
263439591 327680
395510943 327680
17995649 327680
584380597 327680
714150150 327680
255432080 327680
35891043 327680
213986977 327680
330969335 327680
286054707 327680
551260470 327680
403454113 327680
162907952 327680
878364538 327680
645826104 327680
124303559 327680
26380865 327680
113621046 327680
439606914 327680
165893673 327680
124057364 327680
291668939 327680
251281175 327680
798652707 327680
76557658 327680
613619190 327680
31967316 294912
656096857 327680
803867196 327680
300961184 327680
272217869 327680
315403838 327680
447865010 327680
342975248 327680
1032007157 327680
790940492 327680
807121842 327680
242271103 327680
6384362 327680
506830125 327680
479779985 327680
362981677 327680
50120544 294912
706622568 327680
753834750 327680
55956301 294912
110499551 327680
183018146 327680
688472420 327680
507119168 327680
337038680 327680
344681378 327680
350152438 327680
618997471 327680
135228290 327680
439478820 327680
54703295 294912
856298994 327680
369612323 327680
648922813 327680
423021662 327680
531322129 327680
628310248 327680
18143948 327680
519358654 327680
183963231 327680
360448773 327680
386314171 327680
631054884 327680
6603815 327680
16344412 327680
421731480 327680
564369677 327680
175871546 327680
149994576 327680
145052106 327680
104188554 327680
267193527 327680
26868472 327680
306579288 327680
335717027 327680
275145690 327680
54554697 294912
333025185 327680
480712147 327680
269041535 327680
314445450 327680
568104268 327680
256205502 327680
169343 262144
802817277 327680
133172991 294912
832354565 327680
382884137 327680
649416097 327680
224234451 327680
106264119 294912
382466729 327680
87098178 327680
445532216 327680
31828541 327680
183071294 327680
514282336 327680
151347295 327680
55266963 327680
102946087 327680
296060715 327680
492927506 327680
636485597 327680
213582278 327680
494321770 327680
525858940 327680
510032314 327680
737393598 327680
501642122 327680
870225304 327680
115370703 327680
879744655 327680
1554841 262144
326399048 327680
108528076 327680
693838192 327680
665464215 327680
459262244 327680
90867316 327680
440367856 327680
256332139 327680
282229721 327680
35877182 294912
289753119 327680
835998949 327680
2751858 294912
193884371 327680
90975208 327680
239398904 327680
246041651 327680
408972849 327680
273717961 327680
425034598 327680
589042473 327680
95081653 327680
737621736 327680
817552181 327680
146126887 327680
564231304 327680
756534985 327680
436845954 327680
81345933 327680
117705954 327680
250681970 327680
225794564 327680
252563779 327680
452436861 327680
73313081 327680
319607437 327680
766976806 327680
409337817 327680
253438605 327680
426036946 327680
67164290 327680
255939260 327680
133573287 327680
564497533 327680
249773715 327680
61856630 294912
560510535 327680
5548575 294912
19240351 327680
329100938 327680
588354129 327680
612085163 327680
405195591 327680
207977747 327680
100829328 294912
1058199687 327680
993876986 327680
790034237 360448
140559489 327680
265665480 327680
456666781 327680
108305968 327680
163584176 327680
251382245 327680
355228041 327680
944990028 327680
483765141 327680
54503409 327680
642727305 327680
599888724 327680
64584860 327680
508232940 327680
375033742 327680
357887826 327680
450062057 327680
406379006 327680
951075416 327680
49959785 327680
195315643 327680
223742295 327680
291836180 327680
317417597 327680
942902552 327680
482921599 327680
416388526 327680
19955817 327680
624499359 327680
207353968 327680
360939351 327680
441384506 327680
774087164 327680
82517981 327680
72094724 327680
381403302 327680
68944694 327680
255787774 327680
194833084 327680
75249017 327680
324544010 327680
497859983 327680
567239113 327680
18994377 327680
29538677 327680
43787922 327680
75814485 294912
301355323 327680
259194114 327680
275951609 327680
86359576 327680
475042620 327680
263112701 327680
67587217 294912
404541252 327680
4285807 294912
565832417 327680
396275972 327680
53780236 327680
177326351 294912
641618691 327680
366236470 327680
706286701 327680
19160497 327680
187312690 294912
850713998 327680
151339417 327680
54351154 327680
90896636 327680
180052903 327680
5574262 294912
150781325 327680
686484500 327680
619587859 327680
111414181 327680
608462706 327680
55713342 294912
173895861 327680
505192682 327680
531429476 327680
63734752 327680
280283336 327680
513325383 327680
103300885 327680
321398428 327680
25918083 327680
261090728 327680
197659504 327680
723756703 327680
506537669 327680
145100741 327680
68805206 327680
57784100 327680
333781068 327680
637984399 327680
181740329 327680
99870368 327680
156948503 327680
433177498 327680
56064790 327680
130399638 327680
3341734 294912
146552700 294912
808418055 327680
852814707 327680
664831726 327680
260621838 327680
618326567 327680
353325452 327680
192359106 327680
743576355 327680
454454647 327680
109161782 327680
429991707 327680
408691055 327680
223173379 327680
516203205 327680
113198949 327680
18830409 294912
573082925 327680
76642332 327680
605785388 327680
313542482 327680
502385444 327680
109093012 327680
42649003 294912
299407564 327680
404188240 327680
34764976 327680
352093498 327680
246494618 327680
652217496 327680
278643302 327680
58606501 327680
160495828 327680
20055364 327680
277879575 327680
267833002 327680
500552981 327680
551639084 327680
6502959 294912
47798513 294912
17649914 327680
496156303 327680
116827849 294912
321511188 327680
431204071 327680
52278464 327680
439005405 327680
107252124 327680
742574392 327680
683354727 327680
615319291 327680
126727237 327680
426077477 327680
433590416 327680
198912586 327680
113663998 327680
331560194 327680
268977389 327680
547186713 327680
148590121 327680
47479343 327680
57209728 294912
311753550 327680
82714532 327680
177349885 327680
445280934 327680
478086097 327680
834799623 327680
359812627 327680
367565899 327680
493301708 327680
775287711 327680
98737589 327680
34147577 327680
82010523 294912
523168564 327680
383606283 327680
426057242 327680
516001232 327680
675945950 327680
129758922 327680
412278467 327680
366038755 327680
673406030 327680
367984479 327680
521242741 327680
448460000 327680
123562694 327680
224568246 327680
119380067 327680
340447968 327680
965715283 360448
203994493 327680
728069567 327680
412368416 327680
68383969 294912
4638559 294912
193800164 327680
556511063 327680
367626325 327680
239305527 327680
313843813 327680
634824097 327680
317389762 327680
32570848 327680
267698129 327680
601798193 327680
41810454 327680
477702288 327680
363931386 327680
251738187 327680
596948357 327680
88420858 327680
465242001 327680
609683825 327680
833458507 327680
282488435 327680
433906946 327680
263841614 327680
762591513 327680
81492511 327680
11464658 327680
116219404 327680
7352580 294912
800225817 327680
414486262 327680
788894162 327680
301388002 327680
585610289 327680
625236708 327680
209496145 294912
103200185 327680
281782293 327680
794398454 327680
653624315 327680
842036368 327680
75259125 327680
111158901 294912
860917506 327680
634881971 327680
238067325 327680
62147303 327680
402857804 327680
243207142 327680
56423484 327680
36278556 327680
413519774 327680
993661453 327680
469713065 327680
906557677 360448
746125023 327680
317698772 327680
766050402 360448
293317956 327680
547369154 327680
66885755 327680
74853810 294912
717659660 327680
492568363 327680
392437881 327680
393991331 327680
677822641 327680
711947017 327680
714830511 327680
1030156895 327680
647596624 327680
256248475 327680
623559410 327680
320411243 327680
10713816 327680
302406359 327680
103340400 327680
185204997 327680
250159064 327680
15029953 327680
153023382 327680
2428444 294912
359432934 327680
208960446 327680
117132413 327680
163670411 294912
449994717 327680
656282608 327680
417223863 327680
16700232 327680
770732422 327680
462681985 327680
513258676 327680
813988264 327680
251918517 327680
694244492 327680
450056839 327680
119857361 327680
337306573 327680
446021482 327680
581363184 327680
544554877 327680
517113829 327680
304933160 327680
30047685 294912
806635912 327680
35927267 327680
472630723 327680
769808770 327680
333310806 327680
31846446 327680
112948356 327680
16135202 294912
564907526 327680
561623525 327680
541345531 327680
582935977 360448
873128475 360448
130305005 327680
868515543 327680
827179904 327680
112609029 294912
282074296 327680
385775762 327680
275624911 327680
577710331 327680
358152881 327680
110739035 327680
231956258 327680
53116711 327680
573054536 327680
398912149 327680
485019474 327680
148070838 327680
31330185 327680
194361780 327680
291417489 327680
425866391 327680
181531264 327680
522108802 327680
394745886 327680
764627533 327680
490839282 327680
337695077 327680
34315163 327680
680613552 327680
97417034 327680
689618390 327680
605309376 327680
136590848 327680
117244521 327680
421407824 327680
709000084 327680
91588033 294912
44549195 327680
273945695 327680
639774142 327680
597853739 327680
455021925 327680
294074685 327680
252618777 327680
186662940 327680
93269712 327680
646507062 327680
640228731 327680
74937399 327680
348414849 327680
92393435 327680
581855169 327680
177374756 327680
460850393 327680
8042379 294912
657589970 327680
235795349 327680
467703106 327680
459576830 327680
40774251 327680
198218198 327680
470374387 327680
377995700 327680
157644947 327680
146414231 327680
124463504 327680
169815333 327680
53215394 327680
258981215 327680
798510543 327680
228711250 327680
718784545 327680
102050505 327680
51195239 327680
604501381 327680
443301610 327680
123622976 294912
354430716 327680
142781567 327680
366436004 327680
686186155 327680
57653459 327680
123476358 327680
944292072 327680
776975680 327680
633396410 327680
4860955 262144
555348529 327680
544221256 327680
813405050 327680
493732304 327680
210742123 327680
155892057 327680
710759269 327680
733267464 327680
295040960 327680
146576244 327680
127971456 294912
126518646 327680
421231651 327680
111639680 294912
124979638 327680
490603889 327680
203968275 327680
110739632 294912
6662757 327680
126596333 327680
148085390 327680
60390773 327680
581162016 327680
166744681 327680
65628205 327680
39848650 294912
490368301 327680
622720954 327680
484089735 327680
699435194 327680
669439277 327680
215655714 327680
262448672 327680
256702776 327680
142874542 327680
459865281 327680
921359877 327680
516278792 327680
240172466 327680
536005114 327680
77397430 327680
574341492 327680
331520763 327680
405623859 327680
634401894 327680
350938047 327680
240148531 327680
165296893 327680
180752717 327680
315358708 327680
552106111 327680
318416413 327680
408979198 327680
739922025 327680
880885851 327680
936747886 327680
371936854 327680
235722690 327680
513073651 327680
775194409 327680
872523430 327680
987450964 327680
454757434 327680
129777696 327680
400154404 327680
114604413 294912
300629832 327680
551675871 327680
5949621 294912
195326062 327680
421772980 327680
604682826 327680
105027553 294912
9420037 327680
403237479 327680
286717856 327680
837005074 327680
27919026 327680
51160759 294912
253262512 327680
470908698 327680
876699889 327680
342470099 327680
534411660 327680
501251820 327680
547225316 327680
11684103 294912
29642713 327680
175878800 327680
782407382 327680
309350056 327680
109830326 327680
778479293 327680
909902659 327680
75785423 327680
2570351 294912
555759778 327680
565402140 327680
155021648 327680
172907774 327680
317932129 327680
425709013 327680
662675579 327680
627413938 327680
598167424 327680
729812995 327680
423058855 327680
816472386 327680
535670457 327680
855114856 327680
235531540 327680
218733515 327680
16444331 294912
144716291 327680
372740599 327680
898977630 327680
35984672 327680
274807762 327680
17916892 294912
391503460 327680
197612732 327680
904901682 327680
115449623 327680
748467911 327680
226523638 327680
37263288 294912
313784324 327680
141826939 327680
165198397 327680
125874015 294912
320513417 327680
592747465 327680
172630408 327680
162522174 294912
403195947 327680
267110212 327680
109328248 327680
658653452 327680
211681889 327680
657241454 327680
619655402 327680
173481123 327680
560707310 327680
157037895 327680
34543535 294912
142430082 327680
490191705 327680
434156130 327680
20624576 294912
220372413 327680
706044807 327680
444338088 327680
923432980 360448
470903891 327680
949240922 327680
273545565 327680
192899521 327680
354852399 327680
595060954 327680
75373918 327680
278939622 327680
205460468 327680
271508115 327680
715530210 327680
162553077 327680
357788612 327680
724098403 327680
66466465 327680
587811337 327680
162656157 327680
218099864 327680
115276893 327680
557916097 327680
90864389 294912
322276025 327680
476079549 327680
99182144 327680
296605150 327680
368997517 327680
662822951 327680
281085856 327680
11941139 327680
497092363 327680
243677969 327680
326029822 327680
599269517 327680
295444718 327680
955129069 327680
598770922 327680
848415304 327680
138489941 327680
324720751 327680
101716674 327680
608362345 327680
202400842 327680
71477042 294912
571264017 327680
709414293 327680
161825786 327680
5776428 294912
59402198 327680
365408104 327680
234297674 327680
26428859 294912
511769227 327680
640968145 327680
120580375 294912
135607201 327680
768663318 327680
380730585 327680
403543211 327680
644947490 327680
538116017 327680
104320042 327680
327385543 327680
533247559 327680
692036703 327680
504025864 327680
308934699 327680
511880698 327680
225841624 327680
120241387 327680
395354411 327680
568719049 327680
216906557 327680
656538379 327680
809522664 327680
87702060 327680
508364003 327680
650187085 327680
115161597 327680
87004884 294912
781716137 327680
413950975 327680
5114072 294912
236128890 327680
68803136 327680
567149551 327680
139961084 327680
656914648 327680
823626584 327680
964050641 327680
227367775 327680
259792935 327680
892966565 327680
157031588 327680
46822278 327680
741584638 327680
835067221 360448
228294401 327680
475543817 327680
23061126 327680
580310793 327680
217795679 327680
606215202 327680
517295180 327680
198655230 327680
231515303 327680
210210753 327680
88012956 327680
135484172 327680
36178169 327680
313055105 327680
62896961 294912
40701692 327680
169408177 327680
318127173 327680
94552747 327680
351619124 327680
371208495 327680
75788566 327680
333318881 327680
520051144 327680
700466801 327680
537185273 327680
280404897 327680
719461124 327680
854347175 327680
684918422 327680
332025520 327680
573482973 327680
290777989 327680
379838827 327680
517539421 327680
262087803 327680
458191375 327680
781324214 327680
461421659 327680
282602615 327680
536267902 360448
46216927 327680
656283758 327680
1013021764 360448
5908392 294912
84228195 294912
397516771 327680
234374217 327680
160674855 327680
116330 229376
271929168 327680
503195493 327680
599847845 327680
95969364 327680
505762255 327680
696270498 327680
67949407 327680
286368651 327680
69243227 327680
547572076 327680
553751933 327680
274599076 327680
194367287 327680
532059597 327680
573988185 327680
390556998 327680
279827085 327680
659655148 327680
458118056 327680
458446946 327680
504750564 327680
140367160 327680
980310976 360448
287432007 327680
421357424 327680
39147213 294912
350257874 327680
288629672 327680
798065103 327680
495424233 327680
298368633 327680
70486991 327680
788885256 327680
258174958 327680
412024827 327680
440628713 327680
37551563 327680
544214930 327680
66010143 327680
80066911 327680
502234958 327680
354973058 327680
276371561 327680
392648075 327680
309773312 327680
820005004 327680
207643393 327680
566791039 327680
526849516 327680
161732763 327680
449047816 327680
207550428 327680
213850004 327680
467375541 327680
94569613 327680
767227713 327680
588362149 327680
514099395 327680
114802332 327680
343040168 327680
269770513 327680
435980322 327680
293715007 327680
103827958 327680
117965111 327680
725782627 327680
220991143 327680
95232644 294912
854896701 327680
272719005 327680
154156477 327680
541800968 327680
14663838 327680
225197557 327680
888906009 327680
519700013 327680
91272888 327680
141721592 327680
859211417 327680
30692391 327680
187644746 327680
603294196 327680
139580609 294912
657964796 327680
326383942 327680
203540025 327680
896888693 327680
46334746 327680
320419482 327680
32723124 327680
747100536 327680
319022662 327680
437598998 327680
437810518 327680
68248481 327680
126503293 327680
28466537 327680
664529116 327680
101575916 294912
88782633 294912
149622346 327680
165241548 327680
223503551 327680
585077054 327680
297769612 327680
679506700 327680
69208 262144
264240078 327680
890558858 327680
660598382 327680
35426899 327680
566417151 327680
763431054 327680
841801242 327680
969065538 327680
219225002 327680
867776001 327680
580774109 327680
1008818477 360448
100349416 327680
517084950 327680
333821283 327680
134100506 327680
79624366 327680
441272433 327680
300513909 327680
294333863 327680
731789729 327680
167791276 294912
813379491 327680
210711703 327680
191183642 327680
533570791 327680
227594923 327680
306087020 327680
105954483 327680
251212943 327680
345589737 327680
776293823 327680
166194898 327680
226802441 327680
70824143 327680
200805565 327680
401565767 327680
522787754 327680
30100701 294912
67773613 327680
969140350 327680
140701133 327680
3749979 294912
450937788 327680
235790223 327680
125662295 294912
82612408 327680
226396495 327680
88088908 327680
523450528 327680
385667513 327680
502052533 327680
289630672 327680
375419557 327680
740930554 327680
158648431 294912
29204251 327680
351203245 327680
327604107 327680
69250273 327680
71875948 327680
489566077 327680
594219504 327680
72846031 327680
190029353 327680
347217546 327680
773249458 327680
784553503 327680
245206966 327680
308869677 327680
34059225 327680
267513790 327680
306874150 327680
28099258 327680
187911339 327680
347449686 327680
15261008 327680
824690998 327680
26443520 327680
11347269 327680
128707638 327680
739282700 327680
134093069 294912
182646425 327680
619337076 327680
689132135 327680
593741361 327680
415490552 327680
568434026 327680
347611046 327680
671303030 327680
57609172 327680
236887422 327680
161258693 327680
513338513 327680
699712090 327680
531170778 327680
517326219 327680
5700193 294912
519591876 327680
460903047 327680
193291359 327680
556600530 360448
267769794 327680
407952823 327680
768178863 327680
80002611 327680
412185776 327680
171730479 327680
546407889 327680
78321119 327680
347502915 327680
132807543 327680
44371681 327680
125767104 327680
475129148 327680
610202380 327680
506169092 327680
446221314 327680
992514237 327680
755501275 327680
214053662 327680
749962687 327680
358608630 327680
196575305 327680
580085132 327680
3652848 294912
571103845 327680
718675356 327680
274968126 327680
140255330 327680
716371041 327680
205160295 327680
510733689 327680
686544219 327680
21493331 327680
42715548 327680
29939493 294912
254942056 327680
518543346 327680
159943832 327680
569771547 327680
84611994 327680
300057069 327680
391132734 327680
404763997 327680
374864171 327680
352917370 327680
460405352 327680
734778378 327680
219415334 327680
594442536 327680
563711376 327680
628625570 327680
180569645 327680
877312856 327680
11885306 294912
142970865 327680
240407742 327680
536175763 327680
55688698 294912
191323945 327680
443018810 327680
174541885 327680
334150549 327680
677285294 327680
591850145 327680
815696766 327680
481660283 327680
173268696 327680
444007602 327680
280464825 327680
284381037 327680
552390207 327680
207278202 327680
82587429 327680
146235908 327680
56208573 327680
420763996 327680
418937054 327680
46088251 327680
466952437 327680
105323282 327680
446160235 327680
494253937 327680
677427640 327680
477473167 327680
668095253 327680
766155497 327680
331696649 327680
100880903 327680
162658773 294912
768194263 327680
634609723 327680
848958313 327680
260816821 327680
2285475 294912
724457155 327680
137065190 327680
805013580 327680
732609814 327680
392176362 327680
243435302 327680
329433286 327680
391623937 327680
164459154 327680
416547441 327680
626591990 327680
104649821 327680
374664738 327680
167264840 327680
565613230 327680
613921340 327680
796582755 327680
636600980 327680
919278848 327680
136016766 294912
232349990 327680
38205506 327680
315301042 327680
559519913 327680
922334283 327680
149041508 327680
494619291 327680
108282404 327680
490617163 327680
6106636 294912
228532749 327680
176355355 327680
23142301 327680
514122646 327680
364236791 327680
106392708 294912
44150344 294912
429896475 327680
361642240 327680
421992585 327680
58647031 327680
567764835 327680
824725422 327680
673220875 327680
518464866 327680
351619689 327680
225613664 327680
178947611 327680
67729418 327680
117435288 327680
269467846 327680
428394172 327680
292015198 327680
577273625 327680
990918688 360448
279861741 327680
415753052 327680
529090217 327680
326356300 327680
572896919 327680
265845045 327680
134635642 327680
306697813 327680
865217242 327680
336359598 327680
77919859 327680
523953958 327680
158425750 327680
348972012 327680
301565802 327680
499612910 327680
617770572 327680
293524447 327680
8360785 327680
872053593 360448
427772180 327680
287928459 327680
104388194 327680
555645973 327680
104688323 327680
643645565 327680
152394622 327680
377242777 327680
325796457 360448
108027504 327680
84268111 327680
135047976 327680
233209541 327680
606621425 327680
25288655 327680
322965808 327680
744152844 327680
108850478 327680
559588923 327680
329840786 327680
189959001 327680
428132138 327680
6397776 294912
800485833 327680
675325427 327680
126980884 327680
516927931 327680
226091078 327680
436639516 327680
42148064 327680
115098177 327680
259907440 327680
673590604 327680
425273845 327680
40487457 327680
459403523 327680
195688533 327680
268010838 327680
19617974 327680
117312373 327680
170473643 327680
341559166 327680
1601418 262144
443569147 327680
187119897 327680
227352868 327680
36307211 327680
286512524 327680
217723599 327680
204406310 327680
234194381 327680
488657514 327680
695081219 327680
441772604 327680
322318627 327680
816312953 327680
524325357 327680
146337980 327680
92896457 327680
90888677 327680
82413615 327680
352038077 327680
805501854 327680
663791409 327680
573952546 327680
329567199 327680
204424734 327680
164288013 327680
157983158 327680
572514454 327680
237172256 327680
100647771 327680
283902458 327680
213682563 327680
635597336 327680
656815271 327680
450929038 327680
507077316 327680
500079703 327680
131390756 327680
517229827 327680
265304476 327680
39086126 327680
526323138 327680
695240771 327680
396370757 327680
340181347 327680
620168815 327680
451328319 327680
753221798 327680
1009061031 360448
737452739 327680
161295004 327680
31675431 327680
267915130 327680
412076695 327680
35110254 327680
102772571 327680
295344191 327680
271265664 327680
419550351 327680
224485662 327680
622123622 327680
23090115 327680
155792704 327680
184558903 327680
247203614 327680
165774747 327680
19058047 294912
498275728 327680
360516366 327680
37658482 327680
559750056 327680
251209731 327680
304215064 327680
771937382 327680
105049161 294912
270607407 327680
130606953 294912
346858928 327680
96092849 327680
245659249 327680
694054178 327680
644536751 327680
117565676 327680
388022952 327680
309650427 327680
270253673 327680
209933417 327680
422988921 327680
39099875 327680
164172071 327680
177341644 327680
280619758 327680
353952629 327680
282762846 327680
85154691 327680
85436685 327680
42780905 327680
210153792 327680
705361092 327680
520875014 327680
125200610 327680
263071650 327680
263569196 327680
474860537 327680
337112111 327680
290418608 327680
656618022 327680
251339472 327680
617679836 327680
44805615 327680
68526971 327680
93935041 294912
428857768 327680
100530836 327680
359346329 327680
1746728 262144
137731039 327680
399814133 327680
126356330 327680
350307480 327680
111621311 327680
725209536 327680
423216888 327680
226079721 327680
505293438 327680
669989426 327680
51031807 327680
474175352 327680
647705716 327680
540366611 327680
279753131 327680
655884666 327680
792953411 327680
267860250 327680
618604137 327680
196388964 327680
185151993 327680
185228738 327680
71051189 327680
205219794 327680
481159260 327680
65679169 327680
508349963 327680
49762124 327680
160242787 294912
72665971 327680
58500247 327680
582018009 327680
234452597 327680
327308420 327680
394304165 327680
564201469 327680
659740029 327680
341391263 327680
32335727 294912
1022931088 360448
334704075 327680
194790841 327680
417397398 327680
370043539 327680
239060126 327680
56105724 327680
140509185 327680
915013044 327680
771693106 327680
126741681 327680
299499093 327680
202067217 327680
3825945 294912
599555689 327680
679629950 327680
412661860 327680
306885492 327680
290095587 327680
26681946 327680
228181249 327680
1044635015 360448
392938059 327680
375754016 327680
17458963 327680
402788915 327680
451094238 327680
835143793 327680
485956520 327680
294431460 327680
278585650 327680
662136811 327680
159088215 327680
721794596 360448
704710255 327680
35581102 327680
537643463 327680
304453483 327680
46714462 327680
91048974 327680
319829029 327680
208374067 327680
122384072 327680
380292229 327680
272647943 327680
375342832 327680
185541184 327680
417157382 327680
318989138 327680
279928624 327680
813686695 327680
647255252 327680
179659611 327680
654538290 327680
337405731 327680
290547498 327680
165683328 327680
148841910 327680
468697601 327680
75505047 327680
458746916 327680
355183935 327680
659156128 327680
71423667 327680
236190357 327680
683532403 327680
620889344 327680
220202255 327680
767217209 327680
214855662 327680
527155843 327680
48457817 327680
499128424 327680
73405115 327680
347307958 327680
165618834 327680
473983784 327680
5518780 294912
111835409 327680
399565076 327680
142600071 327680
844271253 327680
320244477 327680
154222816 327680
208269599 327680
44600975 327680
15058990 327680
23156131 327680
290358521 327680
559241567 327680
828270419 327680
210737516 327680
538446524 327680
785831363 327680
271123623 327680
995156476 360448
670233612 327680
606812825 327680
317324238 327680
69543874 294912
560518970 327680
187277452 327680
68115893 327680
982233300 327680
306994828 327680
772216848 327680
301868667 327680
749787967 327680
356260597 327680
663188972 327680
651432144 327680
43386576 327680
23911584 327680
64462267 327680
29047586 327680
254735334 327680
158949042 327680
33307519 327680
142975700 327680
267641266 327680
298175690 327680
71305063 327680
7686911 294912
232884880 327680
288692190 327680
640031165 327680
564106346 327680
343938485 327680
259875318 327680
240134407 327680
542406895 327680
242548481 327680
562327624 327680
281552740 327680
400672044 327680
30618603 294912
1029123401 327680
106189332 327680
861779489 327680
777473474 327680
50972427 327680
137914572 327680
46561271 327680
20413143 294912
459317159 327680
502236952 327680
755417292 327680
289296152 327680
16167527 327680
663355015 327680
46301074 327680
554405901 327680
673422870 327680
143224834 327680
498829709 327680
39193992 327680
190719295 327680
36668217 327680
28915349 327680
716269752 327680
317628909 327680
726429752 327680
45655672 327680
243307466 327680
133715293 327680
686390399 327680
465657067 327680
270935865 327680
458470781 327680
526798646 327680
261117181 327680
640381025 327680
763245736 327680
595994502 327680
527110375 327680
90990371 294912
334308051 327680
229698166 327680
1168844 262144
259164234 327680
153470044 327680
758841320 327680
479461183 327680
377525135 327680
73744757 327680
252251197 327680
755555217 327680
434532923 327680
651138619 327680
105647689 327680
41186329 327680
124495374 327680
634940504 327680
491967726 327680
340584240 327680
302748340 327680
660029657 360448
181867261 327680
475753290 327680
316378335 327680
26239829 294912
362125621 327680
686221894 327680
100632690 327680
438544860 327680
705615970 327680
402918439 327680
186609468 327680
110563058 327680
600226466 327680
911380684 360448
128540245 327680
309630291 327680
395504834 327680
142330858 327680
358120779 327680
489503034 327680
512997124 327680
273078439 327680
613404277 327680
206084054 327680
117612663 327680
1647940 294912
912790324 327680
90942501 294912
510383531 327680
15085732 294912
244364876 327680
585596758 327680
128421558 327680
230266458 327680
896498304 327680
482537495 327680
62517716 327680
325623789 327680
393497408 327680
152541410 327680
316374118 327680
815332202 327680
38682472 327680
164761762 294912
602655765 327680
114247951 294912
629521237 327680
509430848 327680
354030502 327680
14557341 327680
593281096 327680
561201241 327680
149854262 327680
257978981 327680
67377061 327680
19280086 327680
45455899 327680
726322678 327680
627041834 327680
440537452 327680
32981355 327680
514246664 327680
373555210 327680
89860445 294912
384108833 327680
169369132 327680
710179458 327680
514294909 327680
530088248 327680
16973527 294912
150878357 327680
725273573 327680
313943322 327680
280472626 327680
195197041 327680
23199104 294912
486354326 327680
573454921 327680
487381455 327680
614786595 327680
379176691 327680
874117307 327680
285152910 327680
182413862 327680
103506471 294912
231341178 327680
129186722 327680
243706141 327680
260727352 327680
51999929 327680
709627885 327680
455601746 327680
461097025 327680
235039503 327680
601447653 327680
129557051 327680
248577269 327680
649621576 327680
30640829 327680
288794839 327680
76266052 327680
86775415 327680
403008942 327680
131835927 294912
681109492 327680
45918860 327680
814706936 360448
150758779 327680
 [ffm] Computations took 17.71
 For 2000 range sums 
 average was -3.05029e+07
2723.6,17.15 , 2733.31,17.71
Done with benchmarking from hellifax.
[owen@kaser dubuc]$ 